Unity Editor version:    2020.3.29f1 (2ff179115da0)
Branch:                  2020.3/staging
Build type:              Release
Batch mode:              YES
macOS version:           Version 10.14.6 (Build 18G9323)
Darwin version:          18.7.0
Architecture:            x86_64
Running under Rosetta:   NO
Available memory:        8192 MB
Using pre-set license
Pro License: NO

COMMAND LINE ARGUMENTS:
/Applications/Unity/Hub/Editor/2020.3.29f1/Unity.app/Contents/MacOS/Unity
-adb2
-batchMode
-noUpm
-name
AssetImportWorker0
-projectPath
/Users/su/Desktop/sem_project
-logFile
Logs/AssetImportWorker0.log
-srvPort
55255
Successfully changed project path to: /Users/su/Desktop/sem_project
/Users/su/Desktop/sem_project
Using Asset Import Pipeline V2.
Refreshing native plugins compatible for Editor in 56.40 ms, found 2 plugins.
Preloading 0 native plugins for Editor in 0.00 ms.
Initialize engine version: 2020.3.29f1 (2ff179115da0)
[Subsystems] Discovering subsystems at path /Applications/Unity/Hub/Editor/2020.3.29f1/Unity.app/Contents/Resources/UnitySubsystems
[Subsystems] Discovering subsystems at path /Users/su/Desktop/sem_project/Assets
GfxDevice: creating device client; threaded=0
2022-03-10 20:11:56.000 Unity[87483:7548478] Color LCD preferred device: Intel(R) UHD Graphics 617 (low power)
2022-03-10 20:11:56.000 Unity[87483:7548478] Metal devices available: 1
2022-03-10 20:11:56.000 Unity[87483:7548478] 0: Intel(R) UHD Graphics 617 (low power)
2022-03-10 20:11:56.001 Unity[87483:7548478] Using device Intel(R) UHD Graphics 617 (low power)
Initializing Metal device caps: Intel(R) UHD Graphics 617
Initialize mono
Mono path[0] = '/Applications/Unity/Hub/Editor/2020.3.29f1/Unity.app/Contents/Managed'
Mono path[1] = '/Applications/Unity/Hub/Editor/2020.3.29f1/Unity.app/Contents/MonoBleedingEdge/lib/mono/unityjit'
Mono config path = '/Applications/Unity/Hub/Editor/2020.3.29f1/Unity.app/Contents/MonoBleedingEdge/etc'
Using monoOptions --debugger-agent=transport=dt_socket,embedding=1,server=y,suspend=n,address=127.0.0.1:56483
Begin MonoManager ReloadAssembly
Registering precompiled unity dll's ...
Register platform support module: /Applications/Unity/Hub/Editor/2020.3.29f1/Unity.app/Contents/PlaybackEngines/MacStandaloneSupport/UnityEditor.OSXStandalone.Extensions.dll
Registered in 0.003491 seconds.
Native extension for OSXStandalone target not found
Refreshing native plugins compatible for Editor in 39.05 ms, found 2 plugins.
Preloading 0 native plugins for Editor in 0.00 ms.
Mono: successfully reloaded assembly
- Completed reload, in  1.033 seconds
Domain Reload Profiling:
	ReloadAssembly (1033ms)
		BeginReloadAssembly (165ms)
			ExecutionOrderSort (0ms)
			DisableScriptedObjects (0ms)
			BackupInstance (0ms)
			ReleaseScriptingObjects (0ms)
			CreateAndSetChildDomain (1ms)
		EndReloadAssembly (760ms)
			LoadAssemblies (167ms)
			RebuildTransferFunctionScriptingTraits (0ms)
			SetupTypeCache (282ms)
			ReleaseScriptCaches (0ms)
			RebuildScriptCaches (86ms)
			SetupLoadedEditorAssemblies (251ms)
				LogAssemblyErrors (0ms)
				InitializePlatformSupportModulesInManaged (7ms)
				SetLoadedEditorAssemblies (0ms)
				RefreshPlugins (39ms)
				BeforeProcessingInitializeOnLoad (13ms)
				ProcessInitializeOnLoadAttributes (147ms)
				ProcessInitializeOnLoadMethodAttributes (45ms)
				AfterProcessingInitializeOnLoad (0ms)
				EditorAssembliesLoaded (0ms)
			ExecutionOrderSort2 (0ms)
			AwakeInstancesAfterBackupRestoration (0ms)
Platform modules already initialized, skipping
Registering precompiled user dll's ...
Registered in 0.008826 seconds.
Begin MonoManager ReloadAssembly
Native extension for OSXStandalone target not found
Refreshing native plugins compatible for Editor in 0.38 ms, found 2 plugins.
Preloading 0 native plugins for Editor in 0.00 ms.
Mono: successfully reloaded assembly
- Completed reload, in  1.650 seconds
Domain Reload Profiling:
	ReloadAssembly (1651ms)
		BeginReloadAssembly (246ms)
			ExecutionOrderSort (0ms)
			DisableScriptedObjects (15ms)
			BackupInstance (0ms)
			ReleaseScriptingObjects (0ms)
			CreateAndSetChildDomain (46ms)
		EndReloadAssembly (1293ms)
			LoadAssemblies (136ms)
			RebuildTransferFunctionScriptingTraits (0ms)
			SetupTypeCache (482ms)
			ReleaseScriptCaches (1ms)
			RebuildScriptCaches (78ms)
			SetupLoadedEditorAssemblies (427ms)
				LogAssemblyErrors (0ms)
				InitializePlatformSupportModulesInManaged (9ms)
				SetLoadedEditorAssemblies (1ms)
				RefreshPlugins (0ms)
				BeforeProcessingInitializeOnLoad (69ms)
				ProcessInitializeOnLoadAttributes (328ms)
				ProcessInitializeOnLoadMethodAttributes (18ms)
				AfterProcessingInitializeOnLoad (1ms)
				EditorAssembliesLoaded (0ms)
			ExecutionOrderSort2 (0ms)
			AwakeInstancesAfterBackupRestoration (10ms)
Platform modules already initialized, skipping
Validating Project structure ... 0.002598 seconds.
Shader import version has changed; will reimport all shaders...
Upgrading shader files ...0.022896 seconds.
Application.AssetDatabase Initial Script Refresh Start
RefreshInfo: InitialScriptRefreshV2(NoUpdateAssetOptions) scanfilter:  ... 1 filters
RefreshProfiler: Total: 0.000ms
Application.AssetDatabase Initial Script Refresh End
Application.AssetDatabase.Refresh Start
Application.AssetDatabase.Refresh End
RefreshInfo: StopAssetImportingV2(ForceSynchronousImport) scanfilter: 
RefreshProfiler: Total: 0.000ms
Launching external process: /Applications/Unity/Hub/Editor/2020.3.29f1/Unity.app/Contents/Tools/UnityShaderCompiler
Launched and connected shader compiler UnityShaderCompiler after 0.04 seconds
Initializing Unity extensions:
========================================================================
Worker process is ready to serve import requests
Refreshing native plugins compatible for Editor in 0.38 ms, found 2 plugins.
Preloading 0 native plugins for Editor in 0.00 ms.
Unloading 1530 Unused Serialized files (Serialized files now loaded: 0)
System memory in use before: 179.3 MB.
System memory in use after: 178.4 MB.

Unloading 91 unused Assets to reduce memory usage. Loaded Objects now: 2007.
Total: 5.427951 ms (FindLiveObjects: 0.194371 ms CreateObjectMapping: 0.087544 ms MarkObjects: 4.260549 ms  DeleteObjects: 0.884073 ms)

AssetImportParameters requested are different than current active one (requested -> active):
  custom:video-decoder-ogg-theora: a1e56fd34408186e4bbccfd4996cb3dc -> 
  custom:container-muxer-webm: aa71ff27fc2769a1b78a27578f13a17b -> 
  custom:container-demuxer-webm: 4f35f7cbe854078d1ac9338744f61a02 -> 
  custom:container-demuxer-ogg: 62fdf1f143b41e24485cea50d1cbac27 -> 
  custom:video-encoder-webm-vp8: eb34c28f22e8b96e1ab97ce403110664 -> 
  custom:framework-osx-AVFoundation: b23960f63f64bdc6ff669e2cdcee2391 -> 
  custom:video-decoder-webm-vp8: 9c59270c3fd7afecdb556c50c9e8de78 -> 
  custom:audio-decoder-ogg-vorbis: bf7c407c2cedff20999df2af8eb42d56 -> 
  custom:audio-encoder-webm-vorbis: bf7c407c2cedff20999df2af8eb42d56 -> 
========================================================================
Received Import Request.
  path: Assets/Scenes/Level_1.unity
  artifactKey: Guid(83445b56e02a8f14abcaea563ac8399c) Importer(815301076,1909f56bfc062723c751e8b465ee728b)
Start importing Assets/Scenes/Level_1.unity using Guid(83445b56e02a8f14abcaea563ac8399c) Importer(815301076,1909f56bfc062723c751e8b465ee728b)  -> (artifact id: 'c253fa9caa583c7d567a1c3900802ad3') in 0.020051 seconds 
  Import took 0.025085 seconds .

========================================================================
Received Import Request.
  Time since last request: 2.387584 seconds.
  path: Assets/Prefabs/background.mat
  artifactKey: Guid(ac2ce62d82a6c9141ac19360188d53df) Importer(815301076,1909f56bfc062723c751e8b465ee728b)
Start importing Assets/Prefabs/background.mat using Guid(ac2ce62d82a6c9141ac19360188d53df) Importer(815301076,1909f56bfc062723c751e8b465ee728b)  -> (artifact id: '374fb5a7482091885e91a7f66d425b8b') in 0.667763 seconds 
  Import took 0.679401 seconds .

========================================================================
Received Import Request.
  Time since last request: 0.000133 seconds.
  path: Assets/Prefabs/Ground.prefab
  artifactKey: Guid(61d2a3af6474bc6468eeecc45f2e7cb2) Importer(815301076,1909f56bfc062723c751e8b465ee728b)
Start importing Assets/Prefabs/Ground.prefab using Guid(61d2a3af6474bc6468eeecc45f2e7cb2) Importer(815301076,1909f56bfc062723c751e8b465ee728b)  -> (artifact id: 'a1081ecd2efb9fb3274115b53eaa4968') in 0.322565 seconds 
  Import took 0.331959 seconds .

========================================================================
Received Import Request.
  Time since last request: 0.000382 seconds.
  path: Assets/Prefabs/Chili.prefab
  artifactKey: Guid(a2a488e7caca6bd4280bf13b8e973858) Importer(815301076,1909f56bfc062723c751e8b465ee728b)
Start importing Assets/Prefabs/Chili.prefab using Guid(a2a488e7caca6bd4280bf13b8e973858) Importer(815301076,1909f56bfc062723c751e8b465ee728b)  -> (artifact id: 'f72eed5a87740165b0f7f31631aa828e') in 0.013128 seconds 
  Import took 0.017295 seconds .

========================================================================
Received Import Request.
  Time since last request: 0.000337 seconds.
  path: Assets/Prefabs/Donut.prefab
  artifactKey: Guid(931dfc52fd271a846b05a6bf70694fca) Importer(815301076,1909f56bfc062723c751e8b465ee728b)
Start importing Assets/Prefabs/Donut.prefab using Guid(931dfc52fd271a846b05a6bf70694fca) Importer(815301076,1909f56bfc062723c751e8b465ee728b)  -> (artifact id: '523fc4068e8c40e087e8876efda539da') in 0.012667 seconds 
  Import took 0.021658 seconds .

========================================================================
Received Import Request.
  Time since last request: 0.000758 seconds.
  path: Assets/Prefabs/Toon Chick.prefab
  artifactKey: Guid(6c76729bfaee84d4198b63377536c659) Importer(815301076,1909f56bfc062723c751e8b465ee728b)
Start importing Assets/Prefabs/Toon Chick.prefab using Guid(6c76729bfaee84d4198b63377536c659) Importer(815301076,1909f56bfc062723c751e8b465ee728b) Controller 'Toon Chick': Transition '' in state 'Idle' uses parameter 'Eat' which does not exist in controller.
UnityEngine.StackTraceUtility:ExtractStackTrace () (at /Users/bokken/buildslave/unity/build/Runtime/Export/Scripting/StackTrace.cs:37)
UnityEditor.EditorUtility:Internal_InstantiateRemoveAllNonAnimationComponentsSingle (UnityEngine.Object,UnityEngine.Vector3,UnityEngine.Quaternion)
UnityEditor.EditorUtility:InstantiateRemoveAllNonAnimationComponents (UnityEngine.Object,UnityEngine.Vector3,UnityEngine.Quaternion) (at /Users/bokken/buildslave/unity/build/Editor/Mono/EditorUtility.cs:648)
UnityEditor.EditorUtility:InstantiateForAnimatorPreview (UnityEngine.Object) (at /Users/bokken/buildslave/unity/build/Editor/Mono/EditorUtility.cs:614)
UnityEditor.GameObjectInspector/PreviewData:UpdateGameObject (UnityEngine.Object) (at /Users/bokken/buildslave/unity/build/Editor/Mono/Inspector/GameObjectInspector.cs:98)
UnityEditor.GameObjectInspector/PreviewData:.ctor (UnityEngine.Object) (at /Users/bokken/buildslave/unity/build/Editor/Mono/Inspector/GameObjectInspector.cs:92)
UnityEditor.GameObjectInspector:GetPreviewData () (at /Users/bokken/buildslave/unity/build/Editor/Mono/Inspector/GameObjectInspector.cs:631)
UnityEditor.GameObjectInspector:RenderStaticPreview (string,UnityEngine.Object[],int,int) (at /Users/bokken/buildslave/unity/build/Editor/Mono/Inspector/GameObjectInspector.cs:841)
UnityEditor.AssetPreviewUpdater:CreatePreviewForAsset (UnityEngine.Object,UnityEngine.Object[],string) (at /Users/bokken/buildslave/unity/build/Editor/Mono/AssetPreviewUpdater.cs:33)

[/Users/bokken/buildslave/unity/build/Modules/Animation/AnimatorController.cpp line 871]

Controller 'Toon Chick': Transition '' in state 'Idle' uses parameter 'Jump' which does not exist in controller.
UnityEngine.StackTraceUtility:ExtractStackTrace () (at /Users/bokken/buildslave/unity/build/Runtime/Export/Scripting/StackTrace.cs:37)
UnityEditor.EditorUtility:Internal_InstantiateRemoveAllNonAnimationComponentsSingle (UnityEngine.Object,UnityEngine.Vector3,UnityEngine.Quaternion)
UnityEditor.EditorUtility:InstantiateRemoveAllNonAnimationComponents (UnityEngine.Object,UnityEngine.Vector3,UnityEngine.Quaternion) (at /Users/bokken/buildslave/unity/build/Editor/Mono/EditorUtility.cs:648)
UnityEditor.EditorUtility:InstantiateForAnimatorPreview (UnityEngine.Object) (at /Users/bokken/buildslave/unity/build/Editor/Mono/EditorUtility.cs:614)
UnityEditor.GameObjectInspector/PreviewData:UpdateGameObject (UnityEngine.Object) (at /Users/bokken/buildslave/unity/build/Editor/Mono/Inspector/GameObjectInspector.cs:98)
UnityEditor.GameObjectInspector/PreviewData:.ctor (UnityEngine.Object) (at /Users/bokken/buildslave/unity/build/Editor/Mono/Inspector/GameObjectInspector.cs:92)
UnityEditor.GameObjectInspector:GetPreviewData () (at /Users/bokken/buildslave/unity/build/Editor/Mono/Inspector/GameObjectInspector.cs:631)
UnityEditor.GameObjectInspector:RenderStaticPreview (string,UnityEngine.Object[],int,int) (at /Users/bokken/buildslave/unity/build/Editor/Mono/Inspector/GameObjectInspector.cs:841)
UnityEditor.AssetPreviewUpdater:CreatePreviewForAsset (UnityEngine.Object,UnityEngine.Object[],string) (at /Users/bokken/buildslave/unity/build/Editor/Mono/AssetPreviewUpdater.cs:33)

[/Users/bokken/buildslave/unity/build/Modules/Animation/AnimatorController.cpp line 871]

Controller 'Toon Chick': Transition '' in state 'Jump W Root' uses parameter 'Jump' which does not exist in controller.
UnityEngine.StackTraceUtility:ExtractStackTrace () (at /Users/bokken/buildslave/unity/build/Runtime/Export/Scripting/StackTrace.cs:37)
UnityEditor.EditorUtility:Internal_InstantiateRemoveAllNonAnimationComponentsSingle (UnityEngine.Object,UnityEngine.Vector3,UnityEngine.Quaternion)
UnityEditor.EditorUtility:InstantiateRemoveAllNonAnimationComponents (UnityEngine.Object,UnityEngine.Vector3,UnityEngine.Quaternion) (at /Users/bokken/buildslave/unity/build/Editor/Mono/EditorUtility.cs:648)
UnityEditor.EditorUtility:InstantiateForAnimatorPreview (UnityEngine.Object) (at /Users/bokken/buildslave/unity/build/Editor/Mono/EditorUtility.cs:614)
UnityEditor.GameObjectInspector/PreviewData:UpdateGameObject (UnityEngine.Object) (at /Users/bokken/buildslave/unity/build/Editor/Mono/Inspector/GameObjectInspector.cs:98)
UnityEditor.GameObjectInspector/PreviewData:.ctor (UnityEngine.Object) (at /Users/bokken/buildslave/unity/build/Editor/Mono/Inspector/GameObjectInspector.cs:92)
UnityEditor.GameObjectInspector:GetPreviewData () (at /Users/bokken/buildslave/unity/build/Editor/Mono/Inspector/GameObjectInspector.cs:631)
UnityEditor.GameObjectInspector:RenderStaticPreview (string,UnityEngine.Object[],int,int) (at /Users/bokken/buildslave/unity/build/Editor/Mono/Inspector/GameObjectInspector.cs:841)
UnityEditor.AssetPreviewUpdater:CreatePreviewForAsset (UnityEngine.Object,UnityEngine.Object[],string) (at /Users/bokken/buildslave/unity/build/Editor/Mono/AssetPreviewUpdater.cs:33)

[/Users/bokken/buildslave/unity/build/Modules/Animation/AnimatorController.cpp line 871]

 -> (artifact id: 'fee131675aabbbafb047110f28bf692f') in 0.133186 seconds 
  Import took 0.139922 seconds .

========================================================================
Received Import Request.
  Time since last request: 0.000304 seconds.
  path: Assets/Prefabs/Grass.prefab
  artifactKey: Guid(9014226ac735df44c9572ce3b383236d) Importer(815301076,1909f56bfc062723c751e8b465ee728b)
Start importing Assets/Prefabs/Grass.prefab using Guid(9014226ac735df44c9572ce3b383236d) Importer(815301076,1909f56bfc062723c751e8b465ee728b)  -> (artifact id: 'c9dc20e4673ca73d6623d910547758e7') in 0.037884 seconds 
  Import took 0.047563 seconds .

========================================================================
Received Import Request.
  Time since last request: 30.056789 seconds.
  path: Assets/Prefabs/background_1
  artifactKey: Guid(2269c2c7115bb455aa5814d8e5bbacf1) Importer(815301076,1909f56bfc062723c751e8b465ee728b)
Start importing Assets/Prefabs/background_1 using Guid(2269c2c7115bb455aa5814d8e5bbacf1) Importer(815301076,1909f56bfc062723c751e8b465ee728b)  -> (artifact id: '3a552048bff439aefaf4111172b518ef') in 0.002714 seconds 
  Import took 0.008875 seconds .

========================================================================
Received Import Request.
  Time since last request: 11.008806 seconds.
  path: Assets/Prefabs/background_1/Screenshot 2022-03-10 at 16.06.14.png
  artifactKey: Guid(adbfdc05a5860492a9f25270f82612cb) Importer(815301076,1909f56bfc062723c751e8b465ee728b)
Start importing Assets/Prefabs/background_1/Screenshot 2022-03-10 at 16.06.14.png using Guid(adbfdc05a5860492a9f25270f82612cb) Importer(815301076,1909f56bfc062723c751e8b465ee728b)  -> (artifact id: '1aee9ca864cf5bee522c6e5698d25bc8') in 0.376168 seconds 
  Import took 0.386544 seconds .

========================================================================
Received Import Request.
  Time since last request: 1.091806 seconds.
  path: Assets/Prefabs/background_1/Screenshot 2022-03-10 at 16.07.19.png
  artifactKey: Guid(94c4e17fa7823423094786f761db4f42) Importer(815301076,1909f56bfc062723c751e8b465ee728b)
Start importing Assets/Prefabs/background_1/Screenshot 2022-03-10 at 16.07.19.png using Guid(94c4e17fa7823423094786f761db4f42) Importer(815301076,1909f56bfc062723c751e8b465ee728b)  -> (artifact id: 'e957b32b6598496246ed356b0e424062') in 0.014883 seconds 
  Import took 0.020742 seconds .

========================================================================
Received Import Request.
  Time since last request: 12.381669 seconds.
  path: Assets/Prefabs/backgroun_2
  artifactKey: Guid(7ca81e306c4964bc08850d6f33e039fe) Importer(815301076,1909f56bfc062723c751e8b465ee728b)
Start importing Assets/Prefabs/backgroun_2 using Guid(7ca81e306c4964bc08850d6f33e039fe) Importer(815301076,1909f56bfc062723c751e8b465ee728b)  -> (artifact id: '6daa92d2ef8d1a5c84128330ccf47fbf') in 0.002298 seconds 
  Import took 0.006685 seconds .

========================================================================
Received Import Request.
  Time since last request: 7.850786 seconds.
  path: Assets/Prefabs/background_2
  artifactKey: Guid(7ca81e306c4964bc08850d6f33e039fe) Importer(815301076,1909f56bfc062723c751e8b465ee728b)
Start importing Assets/Prefabs/background_2 using Guid(7ca81e306c4964bc08850d6f33e039fe) Importer(815301076,1909f56bfc062723c751e8b465ee728b)  -> (artifact id: '44fde50a6f9b73a13a6893f4cddddc58') in 0.002873 seconds 
  Import took 0.008031 seconds .

========================================================================
Received Import Request.
  Time since last request: 11.248034 seconds.
  path: Assets/Prefabs/background_3
  artifactKey: Guid(a53063c7ed92847859d36195c81f184d) Importer(815301076,1909f56bfc062723c751e8b465ee728b)
Start importing Assets/Prefabs/background_3 using Guid(a53063c7ed92847859d36195c81f184d) Importer(815301076,1909f56bfc062723c751e8b465ee728b)  -> (artifact id: '629eaa9b30b57fb6526fe6bdd3486877') in 0.002245 seconds 
  Import took 0.007572 seconds .

========================================================================
Received Import Request.
  Time since last request: 14.995928 seconds.
  path: Assets/Prefabs/background_4
  artifactKey: Guid(5d41b049f0db14a4dba346ce10192854) Importer(815301076,1909f56bfc062723c751e8b465ee728b)
Start importing Assets/Prefabs/background_4 using Guid(5d41b049f0db14a4dba346ce10192854) Importer(815301076,1909f56bfc062723c751e8b465ee728b)  -> (artifact id: '07371812721d1929af7e473520974cf1') in 0.002504 seconds 
  Import took 0.008048 seconds .

========================================================================
Received Import Request.
  Time since last request: 4.745489 seconds.
  path: Assets/Prefabs/background_2/Screenshot 2022-03-10 at 15.43.57.png
  artifactKey: Guid(b0edd550ccebb4ca9973f79edc3861fb) Importer(815301076,1909f56bfc062723c751e8b465ee728b)
Start importing Assets/Prefabs/background_2/Screenshot 2022-03-10 at 15.43.57.png using Guid(b0edd550ccebb4ca9973f79edc3861fb) Importer(815301076,1909f56bfc062723c751e8b465ee728b)  -> (artifact id: '3bff0373ce5cd8cf4569e1a7d5657fd3') in 0.013209 seconds 
  Import took 0.016978 seconds .

========================================================================
Received Import Request.
  Time since last request: 1.445309 seconds.
  path: Assets/Prefabs/background_2/ground.png
  artifactKey: Guid(5f776aec5039140a19324e871a0aa8ab) Importer(815301076,1909f56bfc062723c751e8b465ee728b)
Start importing Assets/Prefabs/background_2/ground.png using Guid(5f776aec5039140a19324e871a0aa8ab) Importer(815301076,1909f56bfc062723c751e8b465ee728b)  -> (artifact id: '2a684dacbb6f05d0734d8bb3384248aa') in 0.012422 seconds 
  Import took 0.016645 seconds .

========================================================================
Received Import Request.
  Time since last request: 3.226872 seconds.
  path: Assets/Prefabs/background_3/Screenshot 2022-03-10 at 16.19.21.png
  artifactKey: Guid(b76baa29a2cb64d27a48b99b0a2861ea) Importer(815301076,1909f56bfc062723c751e8b465ee728b)
Start importing Assets/Prefabs/background_3/Screenshot 2022-03-10 at 16.19.21.png using Guid(b76baa29a2cb64d27a48b99b0a2861ea) Importer(815301076,1909f56bfc062723c751e8b465ee728b)  -> (artifact id: 'c0ad7bcf45d90aea1bf3c4296284c421') in 0.015035 seconds 
  Import took 0.019585 seconds .

========================================================================
Received Import Request.
  Time since last request: 1.629933 seconds.
  path: Assets/Prefabs/background_3/Screenshot 2022-03-10 at 16.21.06.png
  artifactKey: Guid(089e3952321cb44bb908df7dfd1e1588) Importer(815301076,1909f56bfc062723c751e8b465ee728b)
Start importing Assets/Prefabs/background_3/Screenshot 2022-03-10 at 16.21.06.png using Guid(089e3952321cb44bb908df7dfd1e1588) Importer(815301076,1909f56bfc062723c751e8b465ee728b)  -> (artifact id: 'fcffc90c937e64fd3111462fc1517dc6') in 0.011859 seconds 
  Import took 0.015711 seconds .

========================================================================
Received Import Request.
  Time since last request: 2.839953 seconds.
  path: Assets/Prefabs/background_4/space.png
  artifactKey: Guid(5c67d7a37aad24101b02cdce5b36e49e) Importer(815301076,1909f56bfc062723c751e8b465ee728b)
Start importing Assets/Prefabs/background_4/space.png using Guid(5c67d7a37aad24101b02cdce5b36e49e) Importer(815301076,1909f56bfc062723c751e8b465ee728b)  -> (artifact id: 'de9c3b245205a9b6def08082ace87541') in 0.011494 seconds 
  Import took 0.016972 seconds .

========================================================================
Received Import Request.
  Time since last request: 1.652707 seconds.
  path: Assets/Prefabs/background_4/Screenshot 2022-03-10 at 16.26.33.png
  artifactKey: Guid(73e1ff918fe5f47d5973107a755f1350) Importer(815301076,1909f56bfc062723c751e8b465ee728b)
Start importing Assets/Prefabs/background_4/Screenshot 2022-03-10 at 16.26.33.png using Guid(73e1ff918fe5f47d5973107a755f1350) Importer(815301076,1909f56bfc062723c751e8b465ee728b)  -> (artifact id: '940a5bbdf1232aa67307963977de734f') in 0.011599 seconds 
  Import took 0.015430 seconds .

========================================================================
Received Import Request.
  Time since last request: 23.191607 seconds.
  path: Assets/Prefabs/background_4/skybox_4.mat
  artifactKey: Guid(ee6eb469413d841398620c89cd8f2e4c) Importer(815301076,1909f56bfc062723c751e8b465ee728b)
Start importing Assets/Prefabs/background_4/skybox_4.mat using Guid(ee6eb469413d841398620c89cd8f2e4c) Importer(815301076,1909f56bfc062723c751e8b465ee728b)  -> (artifact id: '8d467b67b1e9c9608e2f46ff116e6aa5') in 0.021106 seconds 
  Import took 0.027231 seconds .

========================================================================
Received Import Request.
  Time since last request: 43.072508 seconds.
  path: Assets/Scenes/Level_4.unity
  artifactKey: Guid(73d846aec40f441ada9084a8e6f30b6d) Importer(815301076,1909f56bfc062723c751e8b465ee728b)
Start importing Assets/Scenes/Level_4.unity using Guid(73d846aec40f441ada9084a8e6f30b6d) Importer(815301076,1909f56bfc062723c751e8b465ee728b)  -> (artifact id: '27aff3d0b2f5db68ae6bff0e9eba2b40') in 0.002085 seconds 
  Import took 0.007635 seconds .

========================================================================
Received Import Request.
  Time since last request: 26.303799 seconds.
  path: Assets/Prefabs/background_4/skybox_4.mat
  artifactKey: Guid(ee6eb469413d841398620c89cd8f2e4c) Importer(815301076,1909f56bfc062723c751e8b465ee728b)
Start importing Assets/Prefabs/background_4/skybox_4.mat using Guid(ee6eb469413d841398620c89cd8f2e4c) Importer(815301076,1909f56bfc062723c751e8b465ee728b)  -> (artifact id: '11b9f2933c3fc15644ff974246650bf6') in 0.032752 seconds 
  Import took 0.038164 seconds .

========================================================================
Received Import Request.
  Time since last request: 7.199179 seconds.
  path: Assets/Scenes/Level_3.unity
  artifactKey: Guid(fa0ab13db86777a4f87ae9eccac18099) Importer(815301076,1909f56bfc062723c751e8b465ee728b)
Start importing Assets/Scenes/Level_3.unity using Guid(fa0ab13db86777a4f87ae9eccac18099) Importer(815301076,1909f56bfc062723c751e8b465ee728b)  -> (artifact id: '86ad924fd502860c779b1b161b4b1f39') in 0.002738 seconds 
  Import took 0.009021 seconds .

========================================================================
Received Import Request.
  Time since last request: 12.272950 seconds.
  path: Assets/Prefabs/background_3/skybox_3.mat
  artifactKey: Guid(c27eb1ae3256946deb1d6ce48ddf4fcb) Importer(815301076,1909f56bfc062723c751e8b465ee728b)
Start importing Assets/Prefabs/background_3/skybox_3.mat using Guid(c27eb1ae3256946deb1d6ce48ddf4fcb) Importer(815301076,1909f56bfc062723c751e8b465ee728b)  -> (artifact id: '9ff5ae9cb5263f079a3b664cf9d86603') in 0.017326 seconds 
  Import took 0.023090 seconds .

========================================================================
Received Import Request.
  Time since last request: 54.917700 seconds.
  path: Assets/Scenes/Level_2.unity
  artifactKey: Guid(9d793574714f7314697e35ac90d1727f) Importer(815301076,1909f56bfc062723c751e8b465ee728b)
Start importing Assets/Scenes/Level_2.unity using Guid(9d793574714f7314697e35ac90d1727f) Importer(815301076,1909f56bfc062723c751e8b465ee728b)  -> (artifact id: '2e79c0c8dfbb13a674d35c47b75d97d5') in 0.002123 seconds 
  Import took 0.007222 seconds .

========================================================================
Received Import Request.
  Time since last request: 13.636543 seconds.
  path: Assets/Prefabs/background_2/skybox_2.mat
  artifactKey: Guid(8d67979d2b84745c69774ae2cc83eb07) Importer(815301076,1909f56bfc062723c751e8b465ee728b)
Start importing Assets/Prefabs/background_2/skybox_2.mat using Guid(8d67979d2b84745c69774ae2cc83eb07) Importer(815301076,1909f56bfc062723c751e8b465ee728b)  -> (artifact id: '2cafaa5582eeb0d08df7ff256913eaf7') in 0.015873 seconds 
  Import took 0.022697 seconds .

========================================================================
Received Import Request.
  Time since last request: 76.457484 seconds.
  path: Assets/Prefabs/background_2/skybox_2.mat
  artifactKey: Guid(8d67979d2b84745c69774ae2cc83eb07) Importer(815301076,1909f56bfc062723c751e8b465ee728b)
Start importing Assets/Prefabs/background_2/skybox_2.mat using Guid(8d67979d2b84745c69774ae2cc83eb07) Importer(815301076,1909f56bfc062723c751e8b465ee728b)  -> (artifact id: 'ca204f9c80d9f855146d720842614245') in 0.018208 seconds 
  Import took 0.022924 seconds .

========================================================================
Received Import Request.
  Time since last request: 9.692897 seconds.
  path: Assets/Prefabs/background_1/skybox_1.mat
  artifactKey: Guid(9f59c9fd266e74a88ae49b3b702811b0) Importer(815301076,1909f56bfc062723c751e8b465ee728b)
Start importing Assets/Prefabs/background_1/skybox_1.mat using Guid(9f59c9fd266e74a88ae49b3b702811b0) Importer(815301076,1909f56bfc062723c751e8b465ee728b)  -> (artifact id: 'f6b43b303e75b88e7aacf927d0867d35') in 0.017163 seconds 
  Import took 0.023023 seconds .

========================================================================
Received Import Request.
  Time since last request: 86.141244 seconds.
  path: Assets/Prefabs/backgrounds
  artifactKey: Guid(9e9171b8104e747cabd29a5dfb1ce0e1) Importer(815301076,1909f56bfc062723c751e8b465ee728b)
Start importing Assets/Prefabs/backgrounds using Guid(9e9171b8104e747cabd29a5dfb1ce0e1) Importer(815301076,1909f56bfc062723c751e8b465ee728b)  -> (artifact id: 'c6368d0da992fea138abb227140c979b') in 0.002601 seconds 
  Import took 0.007532 seconds .

========================================================================
Received Import Request.
  Time since last request: 49.716965 seconds.
  path: Assets/Prefabs/PhysMaterials/No Friction.physicMaterial
  artifactKey: Guid(59f3b18b9df83ce47a3e01ea7e05ae07) Importer(815301076,1909f56bfc062723c751e8b465ee728b)
Start importing Assets/Prefabs/PhysMaterials/No Friction.physicMaterial using Guid(59f3b18b9df83ce47a3e01ea7e05ae07) Importer(815301076,1909f56bfc062723c751e8b465ee728b)  -> (artifact id: '7cffa8d3f78f0aec6cc5711f7837dde6') in 0.240291 seconds 
  Import took 0.248942 seconds .

========================================================================
Received Import Request.
  Time since last request: 16.226029 seconds.
  path: Assets/Materials
  artifactKey: Guid(fd908f0df6213334ba022a92fcd6e39c) Importer(815301076,1909f56bfc062723c751e8b465ee728b)
Start importing Assets/Materials using Guid(fd908f0df6213334ba022a92fcd6e39c) Importer(815301076,1909f56bfc062723c751e8b465ee728b)  -> (artifact id: '2d4ebfbda843da3f2067815100eae422') in 0.001986 seconds 
  Import took 0.008680 seconds .

========================================================================
Received Import Request.
  Time since last request: 172.862260 seconds.
  path: Assets/Materials/floor_sea.mat
  artifactKey: Guid(51c4aa802f5114d8aadbef913eb8c2c8) Importer(815301076,1909f56bfc062723c751e8b465ee728b)
Start importing Assets/Materials/floor_sea.mat using Guid(51c4aa802f5114d8aadbef913eb8c2c8) Importer(815301076,1909f56bfc062723c751e8b465ee728b)  -> (artifact id: '8961e68a652913326c1540f637ddccd8') in 0.022237 seconds 
  Import took 0.026199 seconds .

========================================================================
Received Import Request.
  Time since last request: 123.682574 seconds.
  path: Assets/Materials/level_1
  artifactKey: Guid(1f633b511543c440e9ffacc633e4b8a3) Importer(815301076,1909f56bfc062723c751e8b465ee728b)
Start importing Assets/Materials/level_1 using Guid(1f633b511543c440e9ffacc633e4b8a3) Importer(815301076,1909f56bfc062723c751e8b465ee728b)  -> (artifact id: 'fd2722c860d2c740e048e48c7d911fb2') in 0.004209 seconds 
  Import took 0.008709 seconds .

========================================================================
Received Import Request.
  Time since last request: 10.970524 seconds.
  path: Assets/Materials/floor_2
  artifactKey: Guid(4999235eea19b4706994757e058bccd3) Importer(815301076,1909f56bfc062723c751e8b465ee728b)
Start importing Assets/Materials/floor_2 using Guid(4999235eea19b4706994757e058bccd3) Importer(815301076,1909f56bfc062723c751e8b465ee728b)  -> (artifact id: 'd06c72205851f11f6a640bc4f35a90a1') in 0.003772 seconds 
  Import took 0.008987 seconds .

========================================================================
Received Import Request.
  Time since last request: 55.662337 seconds.
  path: Assets/Materials/floor_L2/floor_farm.mat
  artifactKey: Guid(120fb225bb08db648b0777813aa167af) Importer(815301076,1909f56bfc062723c751e8b465ee728b)
Start importing Assets/Materials/floor_L2/floor_farm.mat using Guid(120fb225bb08db648b0777813aa167af) Importer(815301076,1909f56bfc062723c751e8b465ee728b)  -> (artifact id: '3d6443ae1b0fcf2337494d0db9610421') in 0.018398 seconds 
  Import took 0.022899 seconds .

========================================================================
Received Import Request.
  Time since last request: 9.235566 seconds.
  path: Assets/Materials/floor_L2/grass_farm.mat
  artifactKey: Guid(e093a3baa7ba4cc45a11ecf9573dbc81) Importer(815301076,1909f56bfc062723c751e8b465ee728b)
Start importing Assets/Materials/floor_L2/grass_farm.mat using Guid(e093a3baa7ba4cc45a11ecf9573dbc81) Importer(815301076,1909f56bfc062723c751e8b465ee728b)  -> (artifact id: 'ffa0204f74893bc9d872a5e59eeedd7e') in 0.018857 seconds 
  Import took 0.024144 seconds .

========================================================================
Received Import Request.
  Time since last request: 33.973188 seconds.
  path: Assets/Materials/floor_L1
  artifactKey: Guid(1f633b511543c440e9ffacc633e4b8a3) Importer(815301076,1909f56bfc062723c751e8b465ee728b)
Start importing Assets/Materials/floor_L1 using Guid(1f633b511543c440e9ffacc633e4b8a3) Importer(815301076,1909f56bfc062723c751e8b465ee728b)  -> (artifact id: '03a2f85441818b2033caae2da7d9b72f') in 0.002739 seconds 
  Import took 0.007642 seconds .

========================================================================
Received Import Request.
  Time since last request: 6.283403 seconds.
  path: Assets/Materials/floor_L1/New Material.mat
  artifactKey: Guid(93c4ec485b3a7432ababe34f89ab792f) Importer(815301076,1909f56bfc062723c751e8b465ee728b)
Start importing Assets/Materials/floor_L1/New Material.mat using Guid(93c4ec485b3a7432ababe34f89ab792f) Importer(815301076,1909f56bfc062723c751e8b465ee728b)  -> (artifact id: 'fd2443dbd82f9f34ec6aaefd7d2f89b6') in 0.020982 seconds 
  Import took 0.026460 seconds .

========================================================================
Received Import Request.
  Time since last request: 290.783331 seconds.
  path: Assets/Scenes/Level_2.unity
  artifactKey: Guid(9d793574714f7314697e35ac90d1727f) Importer(815301076,1909f56bfc062723c751e8b465ee728b)
Start importing Assets/Scenes/Level_2.unity using Guid(9d793574714f7314697e35ac90d1727f) Importer(815301076,1909f56bfc062723c751e8b465ee728b)  -> (artifact id: '56a9ecf4703c75dba634c1dffff54f25') in 0.004633 seconds 
  Import took 0.024422 seconds .

========================================================================
Received Import Request.
  Time since last request: 13.452111 seconds.
  path: Assets/Scenes/Level_3.unity
  artifactKey: Guid(fa0ab13db86777a4f87ae9eccac18099) Importer(815301076,1909f56bfc062723c751e8b465ee728b)
Start importing Assets/Scenes/Level_3.unity using Guid(fa0ab13db86777a4f87ae9eccac18099) Importer(815301076,1909f56bfc062723c751e8b465ee728b)  -> (artifact id: 'ef2569e496106efd9a184309d59c38d4') in 0.002239 seconds 
  Import took 0.009045 seconds .

========================================================================
Received Import Request.
  Time since last request: 1.736958 seconds.
  path: Assets/Scenes/Level_1.unity
  artifactKey: Guid(83445b56e02a8f14abcaea563ac8399c) Importer(815301076,1909f56bfc062723c751e8b465ee728b)
Start importing Assets/Scenes/Level_1.unity using Guid(83445b56e02a8f14abcaea563ac8399c) Importer(815301076,1909f56bfc062723c751e8b465ee728b)  -> (artifact id: '31dd12dec9d7f504d8e2d1b826647d6a') in 0.002882 seconds 
  Import took 0.009305 seconds .

========================================================================
Received Prepare
Registering precompiled user dll's ...
Registered in 0.007328 seconds.
Begin MonoManager ReloadAssembly
Native extension for OSXStandalone target not found
Refreshing native plugins compatible for Editor in 0.56 ms, found 2 plugins.
Preloading 0 native plugins for Editor in 0.00 ms.
Mono: successfully reloaded assembly
- Completed reload, in  1.982 seconds
Domain Reload Profiling:
	ReloadAssembly (1985ms)
		BeginReloadAssembly (431ms)
			ExecutionOrderSort (0ms)
			DisableScriptedObjects (14ms)
			BackupInstance (0ms)
			ReleaseScriptingObjects (0ms)
			CreateAndSetChildDomain (201ms)
		EndReloadAssembly (1437ms)
			LoadAssemblies (266ms)
			RebuildTransferFunctionScriptingTraits (0ms)
			SetupTypeCache (520ms)
			ReleaseScriptCaches (1ms)
			RebuildScriptCaches (65ms)
			SetupLoadedEditorAssemblies (514ms)
				LogAssemblyErrors (0ms)
				InitializePlatformSupportModulesInManaged (8ms)
				SetLoadedEditorAssemblies (1ms)
				RefreshPlugins (1ms)
				BeforeProcessingInitializeOnLoad (152ms)
				ProcessInitializeOnLoadAttributes (334ms)
				ProcessInitializeOnLoadMethodAttributes (16ms)
				AfterProcessingInitializeOnLoad (1ms)
				EditorAssembliesLoaded (0ms)
			ExecutionOrderSort2 (0ms)
			AwakeInstancesAfterBackupRestoration (13ms)
Platform modules already initialized, skipping
Refreshing native plugins compatible for Editor in 0.61 ms, found 2 plugins.
Preloading 0 native plugins for Editor in 0.00 ms.
Unloading 1510 Unused Serialized files (Serialized files now loaded: 0)
System memory in use before: 208.8 MB.
System memory in use after: 208.9 MB.

Unloading 12 unused Assets to reduce memory usage. Loaded Objects now: 2055.
Total: 5.300890 ms (FindLiveObjects: 0.315197 ms CreateObjectMapping: 0.112104 ms MarkObjects: 4.822203 ms  DeleteObjects: 0.047879 ms)

AssetImportParameters requested are different than current active one (requested -> active):
  custom:video-decoder-ogg-theora: a1e56fd34408186e4bbccfd4996cb3dc -> 
  custom:container-muxer-webm: aa71ff27fc2769a1b78a27578f13a17b -> 
  custom:container-demuxer-webm: 4f35f7cbe854078d1ac9338744f61a02 -> 
  custom:container-demuxer-ogg: 62fdf1f143b41e24485cea50d1cbac27 -> 
  custom:video-encoder-webm-vp8: eb34c28f22e8b96e1ab97ce403110664 -> 
  custom:framework-osx-AVFoundation: b23960f63f64bdc6ff669e2cdcee2391 -> 
  custom:video-decoder-webm-vp8: 9c59270c3fd7afecdb556c50c9e8de78 -> 
  custom:audio-decoder-ogg-vorbis: bf7c407c2cedff20999df2af8eb42d56 -> 
  custom:audio-encoder-webm-vorbis: bf7c407c2cedff20999df2af8eb42d56 -> 
========================================================================
Received Import Request.
  Time since last request: 32.196784 seconds.
  path: Assets/Materials/floor_L3
  artifactKey: Guid(6bc17f427b7da464dbaf9fa99e7b6df8) Importer(815301076,1909f56bfc062723c751e8b465ee728b)
Start importing Assets/Materials/floor_L3 using Guid(6bc17f427b7da464dbaf9fa99e7b6df8) Importer(815301076,1909f56bfc062723c751e8b465ee728b)  -> (artifact id: '5e0dcc7f6f810b250bcafb761db87385') in 0.006345 seconds 
  Import took 0.010242 seconds .

========================================================================
Received Import Request.
  Time since last request: 7.303398 seconds.
  path: Assets/Materials/floor_L3/New Material.mat
  artifactKey: Guid(450ec4aacf4ca47c4afaebfb8eb20757) Importer(815301076,1909f56bfc062723c751e8b465ee728b)
Start importing Assets/Materials/floor_L3/New Material.mat using Guid(450ec4aacf4ca47c4afaebfb8eb20757) Importer(815301076,1909f56bfc062723c751e8b465ee728b)  -> (artifact id: '4657481b16c5afe591739ac68d0ecf13') in 0.127118 seconds 
  Import took 0.131290 seconds .

========================================================================
Received Import Request.
  Time since last request: 88.736586 seconds.
  path: Assets/Materials/floor_L3/floor_sky.mat
  artifactKey: Guid(450ec4aacf4ca47c4afaebfb8eb20757) Importer(815301076,1909f56bfc062723c751e8b465ee728b)
Start importing Assets/Materials/floor_L3/floor_sky.mat using Guid(450ec4aacf4ca47c4afaebfb8eb20757) Importer(815301076,1909f56bfc062723c751e8b465ee728b)  -> (artifact id: 'dec222d9226fb667fd8075fe4c9b1e3c') in 0.031911 seconds 
  Import took 0.036509 seconds .

========================================================================
Received Import Request.
  Time since last request: 12.152120 seconds.
  path: Assets/Materials/floor_L3/grass_sky.mat
  artifactKey: Guid(dd4781f3e3683454787a628cd2a97cbb) Importer(815301076,1909f56bfc062723c751e8b465ee728b)
Start importing Assets/Materials/floor_L3/grass_sky.mat using Guid(dd4781f3e3683454787a628cd2a97cbb) Importer(815301076,1909f56bfc062723c751e8b465ee728b)  -> (artifact id: 'b225a90d13627114c37edabe5d590361') in 0.021225 seconds 
  Import took 0.031729 seconds .

========================================================================
Received Prepare
Registering precompiled user dll's ...
Registered in 0.007265 seconds.
Begin MonoManager ReloadAssembly
Native extension for OSXStandalone target not found
Refreshing native plugins compatible for Editor in 0.53 ms, found 2 plugins.
Preloading 0 native plugins for Editor in 0.00 ms.
Mono: successfully reloaded assembly
- Completed reload, in  1.994 seconds
Domain Reload Profiling:
	ReloadAssembly (1995ms)
		BeginReloadAssembly (342ms)
			ExecutionOrderSort (0ms)
			DisableScriptedObjects (9ms)
			BackupInstance (0ms)
			ReleaseScriptingObjects (0ms)
			CreateAndSetChildDomain (109ms)
		EndReloadAssembly (1465ms)
			LoadAssemblies (295ms)
			RebuildTransferFunctionScriptingTraits (0ms)
			SetupTypeCache (516ms)
			ReleaseScriptCaches (1ms)
			RebuildScriptCaches (91ms)
			SetupLoadedEditorAssemblies (521ms)
				LogAssemblyErrors (0ms)
				InitializePlatformSupportModulesInManaged (8ms)
				SetLoadedEditorAssemblies (1ms)
				RefreshPlugins (1ms)
				BeforeProcessingInitializeOnLoad (178ms)
				ProcessInitializeOnLoadAttributes (318ms)
				ProcessInitializeOnLoadMethodAttributes (13ms)
				AfterProcessingInitializeOnLoad (1ms)
				EditorAssembliesLoaded (0ms)
			ExecutionOrderSort2 (0ms)
			AwakeInstancesAfterBackupRestoration (10ms)
Platform modules already initialized, skipping
Refreshing native plugins compatible for Editor in 0.75 ms, found 2 plugins.
Preloading 0 native plugins for Editor in 0.00 ms.
Unloading 1510 Unused Serialized files (Serialized files now loaded: 0)
System memory in use before: 208.9 MB.
System memory in use after: 209.1 MB.

Unloading 11 unused Assets to reduce memory usage. Loaded Objects now: 2058.
Total: 4.427798 ms (FindLiveObjects: 0.182764 ms CreateObjectMapping: 0.098977 ms MarkObjects: 4.115071 ms  DeleteObjects: 0.029896 ms)

AssetImportParameters requested are different than current active one (requested -> active):
  custom:video-decoder-ogg-theora: a1e56fd34408186e4bbccfd4996cb3dc -> 
  custom:container-muxer-webm: aa71ff27fc2769a1b78a27578f13a17b -> 
  custom:container-demuxer-webm: 4f35f7cbe854078d1ac9338744f61a02 -> 
  custom:container-demuxer-ogg: 62fdf1f143b41e24485cea50d1cbac27 -> 
  custom:video-encoder-webm-vp8: eb34c28f22e8b96e1ab97ce403110664 -> 
  custom:framework-osx-AVFoundation: b23960f63f64bdc6ff669e2cdcee2391 -> 
  custom:video-decoder-webm-vp8: 9c59270c3fd7afecdb556c50c9e8de78 -> 
  custom:audio-decoder-ogg-vorbis: bf7c407c2cedff20999df2af8eb42d56 -> 
  custom:audio-encoder-webm-vorbis: bf7c407c2cedff20999df2af8eb42d56 -> 
========================================================================
Received Import Request.
  Time since last request: 143.488496 seconds.
  path: Assets/Materials/floor_L1/New Material.mat
  artifactKey: Guid(93c4ec485b3a7432ababe34f89ab792f) Importer(815301076,1909f56bfc062723c751e8b465ee728b)
Start importing Assets/Materials/floor_L1/New Material.mat using Guid(93c4ec485b3a7432ababe34f89ab792f) Importer(815301076,1909f56bfc062723c751e8b465ee728b)  -> (artifact id: '8295990a0cca9e868dda707f0789329d') in 0.090529 seconds 
  Import took 0.094447 seconds .

========================================================================
Received Import Request.
  Time since last request: 0.000258 seconds.
  path: Assets/Materials/floor_L3/grass_sky.mat
  artifactKey: Guid(dd4781f3e3683454787a628cd2a97cbb) Importer(815301076,1909f56bfc062723c751e8b465ee728b)
Start importing Assets/Materials/floor_L3/grass_sky.mat using Guid(dd4781f3e3683454787a628cd2a97cbb) Importer(815301076,1909f56bfc062723c751e8b465ee728b)  -> (artifact id: '411314ef920a3e330f8ba51c8efc2bc4') in 0.054285 seconds 
  Import took 0.058838 seconds .

========================================================================
Received Import Request.
  Time since last request: 0.000493 seconds.
  path: Assets/Materials/floor_L1/floor_sea.mat
  artifactKey: Guid(51c4aa802f5114d8aadbef913eb8c2c8) Importer(815301076,1909f56bfc062723c751e8b465ee728b)
Start importing Assets/Materials/floor_L1/floor_sea.mat using Guid(51c4aa802f5114d8aadbef913eb8c2c8) Importer(815301076,1909f56bfc062723c751e8b465ee728b)  -> (artifact id: '72b2cffdc82815b989d57691b4f3fa78') in 0.036441 seconds 
  Import took 0.044995 seconds .

========================================================================
Received Import Request.
  Time since last request: 9.836992 seconds.
  path: Assets/Scenes/Level_3.unity
  artifactKey: Guid(fa0ab13db86777a4f87ae9eccac18099) Importer(815301076,1909f56bfc062723c751e8b465ee728b)
Start importing Assets/Scenes/Level_3.unity using Guid(fa0ab13db86777a4f87ae9eccac18099) Importer(815301076,1909f56bfc062723c751e8b465ee728b)  -> (artifact id: '36d5cd4ff618512e045145ec92887fed') in 0.007612 seconds 
  Import took 0.016098 seconds .

========================================================================
Received Import Request.
  Time since last request: 358.280054 seconds.
  path: Assets/Scenes/Level_4.unity
  artifactKey: Guid(73d846aec40f441ada9084a8e6f30b6d) Importer(815301076,1909f56bfc062723c751e8b465ee728b)
Start importing Assets/Scenes/Level_4.unity using Guid(73d846aec40f441ada9084a8e6f30b6d) Importer(815301076,1909f56bfc062723c751e8b465ee728b)  -> (artifact id: 'e23579d907f52304ef34fe64c0e04f82') in 0.002852 seconds 
  Import took 0.006918 seconds .

========================================================================
Received Prepare
Registering precompiled user dll's ...
Registered in 0.006667 seconds.
Begin MonoManager ReloadAssembly
Native extension for OSXStandalone target not found
Refreshing native plugins compatible for Editor in 0.58 ms, found 2 plugins.
Preloading 0 native plugins for Editor in 0.00 ms.
Mono: successfully reloaded assembly
- Completed reload, in  1.736 seconds
Domain Reload Profiling:
	ReloadAssembly (1737ms)
		BeginReloadAssembly (289ms)
			ExecutionOrderSort (0ms)
			DisableScriptedObjects (10ms)
			BackupInstance (0ms)
			ReleaseScriptingObjects (0ms)
			CreateAndSetChildDomain (103ms)
		EndReloadAssembly (1357ms)
			LoadAssemblies (239ms)
			RebuildTransferFunctionScriptingTraits (0ms)
			SetupTypeCache (521ms)
			ReleaseScriptCaches (1ms)
			RebuildScriptCaches (70ms)
			SetupLoadedEditorAssemblies (447ms)
				LogAssemblyErrors (0ms)
				InitializePlatformSupportModulesInManaged (6ms)
				SetLoadedEditorAssemblies (1ms)
				RefreshPlugins (1ms)
				BeforeProcessingInitializeOnLoad (122ms)
				ProcessInitializeOnLoadAttributes (298ms)
				ProcessInitializeOnLoadMethodAttributes (18ms)
				AfterProcessingInitializeOnLoad (1ms)
				EditorAssembliesLoaded (0ms)
			ExecutionOrderSort2 (0ms)
			AwakeInstancesAfterBackupRestoration (10ms)
Platform modules already initialized, skipping
Refreshing native plugins compatible for Editor in 0.39 ms, found 2 plugins.
Preloading 0 native plugins for Editor in 0.00 ms.
Unloading 1510 Unused Serialized files (Serialized files now loaded: 0)
System memory in use before: 209.1 MB.
System memory in use after: 209.2 MB.

Unloading 11 unused Assets to reduce memory usage. Loaded Objects now: 2061.
Total: 4.286178 ms (FindLiveObjects: 0.160670 ms CreateObjectMapping: 0.061107 ms MarkObjects: 4.036642 ms  DeleteObjects: 0.026446 ms)

AssetImportParameters requested are different than current active one (requested -> active):
  custom:video-decoder-ogg-theora: a1e56fd34408186e4bbccfd4996cb3dc -> 
  custom:container-muxer-webm: aa71ff27fc2769a1b78a27578f13a17b -> 
  custom:container-demuxer-webm: 4f35f7cbe854078d1ac9338744f61a02 -> 
  custom:container-demuxer-ogg: 62fdf1f143b41e24485cea50d1cbac27 -> 
  custom:video-encoder-webm-vp8: eb34c28f22e8b96e1ab97ce403110664 -> 
  custom:framework-osx-AVFoundation: b23960f63f64bdc6ff669e2cdcee2391 -> 
  custom:video-decoder-webm-vp8: 9c59270c3fd7afecdb556c50c9e8de78 -> 
  custom:audio-decoder-ogg-vorbis: bf7c407c2cedff20999df2af8eb42d56 -> 
  custom:audio-encoder-webm-vorbis: bf7c407c2cedff20999df2af8eb42d56 -> 
========================================================================
Received Import Request.
  Time since last request: 162.831828 seconds.
  path: Assets/Materials/floor_L4
  artifactKey: Guid(59bbdb9e618af47c69f0df28134f4e1e) Importer(815301076,1909f56bfc062723c751e8b465ee728b)
Start importing Assets/Materials/floor_L4 using Guid(59bbdb9e618af47c69f0df28134f4e1e) Importer(815301076,1909f56bfc062723c751e8b465ee728b)  -> (artifact id: '716f1e553ac4dfe92fa20d185e30c374') in 0.007272 seconds 
  Import took 0.011247 seconds .

========================================================================
Received Import Request.
  Time since last request: 11.539138 seconds.
  path: Assets/Materials/floor_L4/New Material.mat
  artifactKey: Guid(f0c437aa499b24f3dbc861be71823b8e) Importer(815301076,1909f56bfc062723c751e8b465ee728b)
Start importing Assets/Materials/floor_L4/New Material.mat using Guid(f0c437aa499b24f3dbc861be71823b8e) Importer(815301076,1909f56bfc062723c751e8b465ee728b)  -> (artifact id: '93353f260c945ce53831aaedfc7f6848') in 0.094479 seconds 
  Import took 0.098491 seconds .

========================================================================
Received Prepare
Registering precompiled user dll's ...
Registered in 0.001717 seconds.
Begin MonoManager ReloadAssembly
Native extension for OSXStandalone target not found
Refreshing native plugins compatible for Editor in 0.46 ms, found 2 plugins.
Preloading 0 native plugins for Editor in 0.00 ms.
Mono: successfully reloaded assembly
- Completed reload, in  1.506 seconds
Domain Reload Profiling:
	ReloadAssembly (1507ms)
		BeginReloadAssembly (163ms)
			ExecutionOrderSort (0ms)
			DisableScriptedObjects (9ms)
			BackupInstance (0ms)
			ReleaseScriptingObjects (0ms)
			CreateAndSetChildDomain (81ms)
		EndReloadAssembly (1255ms)
			LoadAssemblies (103ms)
			RebuildTransferFunctionScriptingTraits (0ms)
			SetupTypeCache (444ms)
			ReleaseScriptCaches (1ms)
			RebuildScriptCaches (65ms)
			SetupLoadedEditorAssemblies (464ms)
				LogAssemblyErrors (0ms)
				InitializePlatformSupportModulesInManaged (6ms)
				SetLoadedEditorAssemblies (1ms)
				RefreshPlugins (0ms)
				BeforeProcessingInitializeOnLoad (126ms)
				ProcessInitializeOnLoadAttributes (312ms)
				ProcessInitializeOnLoadMethodAttributes (17ms)
				AfterProcessingInitializeOnLoad (1ms)
				EditorAssembliesLoaded (0ms)
			ExecutionOrderSort2 (0ms)
			AwakeInstancesAfterBackupRestoration (14ms)
Platform modules already initialized, skipping
Refreshing native plugins compatible for Editor in 0.42 ms, found 2 plugins.
Preloading 0 native plugins for Editor in 0.00 ms.
Unloading 1510 Unused Serialized files (Serialized files now loaded: 0)
System memory in use before: 209.3 MB.
System memory in use after: 209.4 MB.

Unloading 11 unused Assets to reduce memory usage. Loaded Objects now: 2064.
Total: 3.948488 ms (FindLiveObjects: 0.264639 ms CreateObjectMapping: 0.101829 ms MarkObjects: 3.549676 ms  DeleteObjects: 0.031087 ms)

AssetImportParameters requested are different than current active one (requested -> active):
  custom:video-decoder-ogg-theora: a1e56fd34408186e4bbccfd4996cb3dc -> 
  custom:container-muxer-webm: aa71ff27fc2769a1b78a27578f13a17b -> 
  custom:container-demuxer-webm: 4f35f7cbe854078d1ac9338744f61a02 -> 
  custom:container-demuxer-ogg: 62fdf1f143b41e24485cea50d1cbac27 -> 
  custom:video-encoder-webm-vp8: eb34c28f22e8b96e1ab97ce403110664 -> 
  custom:framework-osx-AVFoundation: b23960f63f64bdc6ff669e2cdcee2391 -> 
  custom:video-decoder-webm-vp8: 9c59270c3fd7afecdb556c50c9e8de78 -> 
  custom:audio-decoder-ogg-vorbis: bf7c407c2cedff20999df2af8eb42d56 -> 
  custom:audio-encoder-webm-vorbis: bf7c407c2cedff20999df2af8eb42d56 -> 
========================================================================
Received Import Request.
  Time since last request: 87.454368 seconds.
  path: Assets/Materials/floor_L4/floor_space.mat
  artifactKey: Guid(f0c437aa499b24f3dbc861be71823b8e) Importer(815301076,1909f56bfc062723c751e8b465ee728b)
Start importing Assets/Materials/floor_L4/floor_space.mat using Guid(f0c437aa499b24f3dbc861be71823b8e) Importer(815301076,1909f56bfc062723c751e8b465ee728b)  -> (artifact id: 'da283ef9675c2b90b73ba2e630c53f13') in 0.083635 seconds 
  Import took 0.086885 seconds .

========================================================================
Received Import Request.
  Time since last request: 22.915790 seconds.
  path: Assets/Materials/floor_L4/grass_space.mat
  artifactKey: Guid(44602dced1b4b4ff3a8e4e7d1c7d8612) Importer(815301076,1909f56bfc062723c751e8b465ee728b)
Start importing Assets/Materials/floor_L4/grass_space.mat using Guid(44602dced1b4b4ff3a8e4e7d1c7d8612) Importer(815301076,1909f56bfc062723c751e8b465ee728b)  -> (artifact id: '38619ce91ce36ab641ff5032529ab722') in 0.028639 seconds 
  Import took 0.033705 seconds .

========================================================================
Received Prepare
Registering precompiled user dll's ...
Registered in 0.005751 seconds.
Begin MonoManager ReloadAssembly
Native extension for OSXStandalone target not found
Refreshing native plugins compatible for Editor in 0.47 ms, found 2 plugins.
Preloading 0 native plugins for Editor in 0.00 ms.
Mono: successfully reloaded assembly
- Completed reload, in  2.119 seconds
Domain Reload Profiling:
	ReloadAssembly (2119ms)
		BeginReloadAssembly (288ms)
			ExecutionOrderSort (0ms)
			DisableScriptedObjects (10ms)
			BackupInstance (0ms)
			ReleaseScriptingObjects (0ms)
			CreateAndSetChildDomain (111ms)
		EndReloadAssembly (1727ms)
			LoadAssemblies (226ms)
			RebuildTransferFunctionScriptingTraits (0ms)
			SetupTypeCache (820ms)
			ReleaseScriptCaches (2ms)
			RebuildScriptCaches (92ms)
			SetupLoadedEditorAssemblies (481ms)
				LogAssemblyErrors (0ms)
				InitializePlatformSupportModulesInManaged (33ms)
				SetLoadedEditorAssemblies (1ms)
				RefreshPlugins (1ms)
				BeforeProcessingInitializeOnLoad (131ms)
				ProcessInitializeOnLoadAttributes (297ms)
				ProcessInitializeOnLoadMethodAttributes (17ms)
				AfterProcessingInitializeOnLoad (1ms)
				EditorAssembliesLoaded (0ms)
			ExecutionOrderSort2 (0ms)
			AwakeInstancesAfterBackupRestoration (9ms)
Platform modules already initialized, skipping
Refreshing native plugins compatible for Editor in 0.80 ms, found 2 plugins.
Preloading 0 native plugins for Editor in 0.00 ms.
Unloading 1510 Unused Serialized files (Serialized files now loaded: 0)
System memory in use before: 209.5 MB.
System memory in use after: 209.6 MB.

Unloading 11 unused Assets to reduce memory usage. Loaded Objects now: 2067.
Total: 5.170784 ms (FindLiveObjects: 0.203074 ms CreateObjectMapping: 0.106639 ms MarkObjects: 4.824618 ms  DeleteObjects: 0.034460 ms)

AssetImportParameters requested are different than current active one (requested -> active):
  custom:video-decoder-ogg-theora: a1e56fd34408186e4bbccfd4996cb3dc -> 
  custom:container-muxer-webm: aa71ff27fc2769a1b78a27578f13a17b -> 
  custom:container-demuxer-webm: 4f35f7cbe854078d1ac9338744f61a02 -> 
  custom:container-demuxer-ogg: 62fdf1f143b41e24485cea50d1cbac27 -> 
  custom:video-encoder-webm-vp8: eb34c28f22e8b96e1ab97ce403110664 -> 
  custom:framework-osx-AVFoundation: b23960f63f64bdc6ff669e2cdcee2391 -> 
  custom:video-decoder-webm-vp8: 9c59270c3fd7afecdb556c50c9e8de78 -> 
  custom:audio-decoder-ogg-vorbis: bf7c407c2cedff20999df2af8eb42d56 -> 
  custom:audio-encoder-webm-vorbis: bf7c407c2cedff20999df2af8eb42d56 -> 
========================================================================
Received Import Request.
  Time since last request: 595.065590 seconds.
  path: Assets/Materials/floor_L4/floor_space.mat
  artifactKey: Guid(f0c437aa499b24f3dbc861be71823b8e) Importer(815301076,1909f56bfc062723c751e8b465ee728b)
Start importing Assets/Materials/floor_L4/floor_space.mat using Guid(f0c437aa499b24f3dbc861be71823b8e) Importer(815301076,1909f56bfc062723c751e8b465ee728b)  -> (artifact id: '50f263e8540b734e6f23a7ef6073e65c') in 0.113515 seconds 
  Import took 0.117396 seconds .

========================================================================
Received Import Request.
  Time since last request: 0.000283 seconds.
  path: Assets/Materials/floor_L4/grass_space.mat
  artifactKey: Guid(44602dced1b4b4ff3a8e4e7d1c7d8612) Importer(815301076,1909f56bfc062723c751e8b465ee728b)
Start importing Assets/Materials/floor_L4/grass_space.mat using Guid(44602dced1b4b4ff3a8e4e7d1c7d8612) Importer(815301076,1909f56bfc062723c751e8b465ee728b)  -> (artifact id: '90826c21a7d3d04e94791511903e3d12') in 0.029675 seconds 
  Import took 0.036009 seconds .

========================================================================
Received Import Request.
  Time since last request: 21.321014 seconds.
  path: Assets/Scenes/Level_4.unity
  artifactKey: Guid(73d846aec40f441ada9084a8e6f30b6d) Importer(815301076,1909f56bfc062723c751e8b465ee728b)
Start importing Assets/Scenes/Level_4.unity using Guid(73d846aec40f441ada9084a8e6f30b6d) Importer(815301076,1909f56bfc062723c751e8b465ee728b)  -> (artifact id: 'a0c0e5bb47d3aee3525f21d224ad722a') in 0.004978 seconds 
  Import took 0.012367 seconds .

========================================================================
Received Prepare
Registering precompiled user dll's ...
Registered in 0.005410 seconds.
Begin MonoManager ReloadAssembly
Native extension for OSXStandalone target not found
Refreshing native plugins compatible for Editor in 0.94 ms, found 2 plugins.
Preloading 0 native plugins for Editor in 0.00 ms.
Mono: successfully reloaded assembly
- Completed reload, in  4.795 seconds
Domain Reload Profiling:
	ReloadAssembly (4798ms)
		BeginReloadAssembly (717ms)
			ExecutionOrderSort (0ms)
			DisableScriptedObjects (21ms)
			BackupInstance (0ms)
			ReleaseScriptingObjects (4ms)
			CreateAndSetChildDomain (359ms)
		EndReloadAssembly (3786ms)
			LoadAssemblies (449ms)
			RebuildTransferFunctionScriptingTraits (0ms)
			SetupTypeCache (1647ms)
			ReleaseScriptCaches (2ms)
			RebuildScriptCaches (149ms)
			SetupLoadedEditorAssemblies (1135ms)
				LogAssemblyErrors (0ms)
				InitializePlatformSupportModulesInManaged (15ms)
				SetLoadedEditorAssemblies (2ms)
				RefreshPlugins (1ms)
				BeforeProcessingInitializeOnLoad (251ms)
				ProcessInitializeOnLoadAttributes (833ms)
				ProcessInitializeOnLoadMethodAttributes (32ms)
				AfterProcessingInitializeOnLoad (2ms)
				EditorAssembliesLoaded (1ms)
			ExecutionOrderSort2 (0ms)
			AwakeInstancesAfterBackupRestoration (21ms)
Platform modules already initialized, skipping
Refreshing native plugins compatible for Editor in 0.91 ms, found 2 plugins.
Preloading 0 native plugins for Editor in 0.00 ms.
Unloading 1510 Unused Serialized files (Serialized files now loaded: 0)
System memory in use before: 209.7 MB.
System memory in use after: 209.8 MB.

Unloading 11 unused Assets to reduce memory usage. Loaded Objects now: 2070.
Total: 7.461299 ms (FindLiveObjects: 0.320797 ms CreateObjectMapping: 0.097861 ms MarkObjects: 6.983640 ms  DeleteObjects: 0.056995 ms)

AssetImportParameters requested are different than current active one (requested -> active):
  custom:video-decoder-ogg-theora: a1e56fd34408186e4bbccfd4996cb3dc -> 
  custom:container-muxer-webm: aa71ff27fc2769a1b78a27578f13a17b -> 
  custom:container-demuxer-webm: 4f35f7cbe854078d1ac9338744f61a02 -> 
  custom:container-demuxer-ogg: 62fdf1f143b41e24485cea50d1cbac27 -> 
  custom:video-encoder-webm-vp8: eb34c28f22e8b96e1ab97ce403110664 -> 
  custom:framework-osx-AVFoundation: b23960f63f64bdc6ff669e2cdcee2391 -> 
  custom:video-decoder-webm-vp8: 9c59270c3fd7afecdb556c50c9e8de78 -> 
  custom:audio-decoder-ogg-vorbis: bf7c407c2cedff20999df2af8eb42d56 -> 
  custom:audio-encoder-webm-vorbis: bf7c407c2cedff20999df2af8eb42d56 -> 
========================================================================
Received Prepare
Registering precompiled user dll's ...
Registered in 0.008774 seconds.
Begin MonoManager ReloadAssembly
Native extension for OSXStandalone target not found
Refreshing native plugins compatible for Editor in 0.38 ms, found 2 plugins.
Preloading 0 native plugins for Editor in 0.00 ms.
Mono: successfully reloaded assembly
- Completed reload, in  1.655 seconds
Domain Reload Profiling:
	ReloadAssembly (1655ms)
		BeginReloadAssembly (265ms)
			ExecutionOrderSort (0ms)
			DisableScriptedObjects (8ms)
			BackupInstance (0ms)
			ReleaseScriptingObjects (0ms)
			CreateAndSetChildDomain (90ms)
		EndReloadAssembly (1293ms)
			LoadAssemblies (228ms)
			RebuildTransferFunctionScriptingTraits (0ms)
			SetupTypeCache (460ms)
			ReleaseScriptCaches (1ms)
			RebuildScriptCaches (71ms)
			SetupLoadedEditorAssemblies (443ms)
				LogAssemblyErrors (0ms)
				InitializePlatformSupportModulesInManaged (7ms)
				SetLoadedEditorAssemblies (1ms)
				RefreshPlugins (0ms)
				BeforeProcessingInitializeOnLoad (119ms)
				ProcessInitializeOnLoadAttributes (300ms)
				ProcessInitializeOnLoadMethodAttributes (15ms)
				AfterProcessingInitializeOnLoad (1ms)
				EditorAssembliesLoaded (0ms)
			ExecutionOrderSort2 (0ms)
			AwakeInstancesAfterBackupRestoration (11ms)
Platform modules already initialized, skipping
Refreshing native plugins compatible for Editor in 0.42 ms, found 2 plugins.
Preloading 0 native plugins for Editor in 0.00 ms.
Unloading 1510 Unused Serialized files (Serialized files now loaded: 0)
System memory in use before: 209.9 MB.
System memory in use after: 210.0 MB.

Unloading 11 unused Assets to reduce memory usage. Loaded Objects now: 2072.
Total: 4.227529 ms (FindLiveObjects: 0.169268 ms CreateObjectMapping: 0.067171 ms MarkObjects: 3.961794 ms  DeleteObjects: 0.028162 ms)

AssetImportParameters requested are different than current active one (requested -> active):
  custom:video-decoder-ogg-theora: a1e56fd34408186e4bbccfd4996cb3dc -> 
  custom:container-muxer-webm: aa71ff27fc2769a1b78a27578f13a17b -> 
  custom:container-demuxer-webm: 4f35f7cbe854078d1ac9338744f61a02 -> 
  custom:container-demuxer-ogg: 62fdf1f143b41e24485cea50d1cbac27 -> 
  custom:video-encoder-webm-vp8: eb34c28f22e8b96e1ab97ce403110664 -> 
  custom:framework-osx-AVFoundation: b23960f63f64bdc6ff669e2cdcee2391 -> 
  custom:video-decoder-webm-vp8: 9c59270c3fd7afecdb556c50c9e8de78 -> 
  custom:audio-decoder-ogg-vorbis: bf7c407c2cedff20999df2af8eb42d56 -> 
  custom:audio-encoder-webm-vorbis: bf7c407c2cedff20999df2af8eb42d56 -> 
========================================================================
Received Import Request.
  Time since last request: 827.142387 seconds.
  path: Assets/Materials/floor_L3/grass_sky.mat
  artifactKey: Guid(dd4781f3e3683454787a628cd2a97cbb) Importer(815301076,1909f56bfc062723c751e8b465ee728b)
Start importing Assets/Materials/floor_L3/grass_sky.mat using Guid(dd4781f3e3683454787a628cd2a97cbb) Importer(815301076,1909f56bfc062723c751e8b465ee728b)  -> (artifact id: '6055f8791008114608e0ef939e9b61b0') in 0.097397 seconds 
  Import took 0.100961 seconds .

========================================================================
Received Import Request.
  Time since last request: 129.886140 seconds.
  path: Assets/Scenes/Level_1.unity
  artifactKey: Guid(83445b56e02a8f14abcaea563ac8399c) Importer(815301076,1909f56bfc062723c751e8b465ee728b)
Start importing Assets/Scenes/Level_1.unity using Guid(83445b56e02a8f14abcaea563ac8399c) Importer(815301076,1909f56bfc062723c751e8b465ee728b)  -> (artifact id: 'eec99b3babfff22bdea35340a72c19aa') in 0.005689 seconds 
  Import took 0.012176 seconds .

========================================================================
Received Prepare
Registering precompiled user dll's ...
Registered in 0.010451 seconds.
Begin MonoManager ReloadAssembly
Native extension for OSXStandalone target not found
Refreshing native plugins compatible for Editor in 0.63 ms, found 2 plugins.
Preloading 0 native plugins for Editor in 0.00 ms.
Mono: successfully reloaded assembly
- Completed reload, in  2.498 seconds
Domain Reload Profiling:
	ReloadAssembly (2500ms)
		BeginReloadAssembly (303ms)
			ExecutionOrderSort (0ms)
			DisableScriptedObjects (12ms)
			BackupInstance (0ms)
			ReleaseScriptingObjects (0ms)
			CreateAndSetChildDomain (100ms)
		EndReloadAssembly (2087ms)
			LoadAssemblies (257ms)
			RebuildTransferFunctionScriptingTraits (0ms)
			SetupTypeCache (1092ms)
			ReleaseScriptCaches (2ms)
			RebuildScriptCaches (130ms)
			SetupLoadedEditorAssemblies (468ms)
				LogAssemblyErrors (0ms)
				InitializePlatformSupportModulesInManaged (7ms)
				SetLoadedEditorAssemblies (1ms)
				RefreshPlugins (1ms)
				BeforeProcessingInitializeOnLoad (125ms)
				ProcessInitializeOnLoadAttributes (315ms)
				ProcessInitializeOnLoadMethodAttributes (18ms)
				AfterProcessingInitializeOnLoad (1ms)
				EditorAssembliesLoaded (0ms)
			ExecutionOrderSort2 (0ms)
			AwakeInstancesAfterBackupRestoration (10ms)
Platform modules already initialized, skipping
Refreshing native plugins compatible for Editor in 0.51 ms, found 2 plugins.
Preloading 0 native plugins for Editor in 0.00 ms.
Unloading 1510 Unused Serialized files (Serialized files now loaded: 0)
System memory in use before: 210.1 MB.
System memory in use after: 210.2 MB.

Unloading 11 unused Assets to reduce memory usage. Loaded Objects now: 2075.
Total: 5.608009 ms (FindLiveObjects: 0.242841 ms CreateObjectMapping: 0.076025 ms MarkObjects: 5.251099 ms  DeleteObjects: 0.036543 ms)

AssetImportParameters requested are different than current active one (requested -> active):
  custom:video-decoder-ogg-theora: a1e56fd34408186e4bbccfd4996cb3dc -> 
  custom:container-muxer-webm: aa71ff27fc2769a1b78a27578f13a17b -> 
  custom:container-demuxer-webm: 4f35f7cbe854078d1ac9338744f61a02 -> 
  custom:container-demuxer-ogg: 62fdf1f143b41e24485cea50d1cbac27 -> 
  custom:video-encoder-webm-vp8: eb34c28f22e8b96e1ab97ce403110664 -> 
  custom:framework-osx-AVFoundation: b23960f63f64bdc6ff669e2cdcee2391 -> 
  custom:video-decoder-webm-vp8: 9c59270c3fd7afecdb556c50c9e8de78 -> 
  custom:audio-decoder-ogg-vorbis: bf7c407c2cedff20999df2af8eb42d56 -> 
  custom:audio-encoder-webm-vorbis: bf7c407c2cedff20999df2af8eb42d56 -> 
========================================================================
Received Import Request.
  Time since last request: 1427.933680 seconds.
  path: Assets/Scenes/Level_3.unity
  artifactKey: Guid(fa0ab13db86777a4f87ae9eccac18099) Importer(815301076,1909f56bfc062723c751e8b465ee728b)
Start importing Assets/Scenes/Level_3.unity using Guid(fa0ab13db86777a4f87ae9eccac18099) Importer(815301076,1909f56bfc062723c751e8b465ee728b)  -> (artifact id: 'b4216035f8e3aef84ce665368a0d57c9') in 0.018672 seconds 
  Import took 0.022312 seconds .

========================================================================
Received Prepare
Registering precompiled user dll's ...
Registered in 0.012951 seconds.
Begin MonoManager ReloadAssembly
Native extension for OSXStandalone target not found
Refreshing native plugins compatible for Editor in 0.39 ms, found 2 plugins.
Preloading 0 native plugins for Editor in 0.00 ms.
Mono: successfully reloaded assembly
- Completed reload, in  1.779 seconds
Domain Reload Profiling:
	ReloadAssembly (1780ms)
		BeginReloadAssembly (317ms)
			ExecutionOrderSort (0ms)
			DisableScriptedObjects (9ms)
			BackupInstance (0ms)
			ReleaseScriptingObjects (0ms)
			CreateAndSetChildDomain (138ms)
		EndReloadAssembly (1327ms)
			LoadAssemblies (233ms)
			RebuildTransferFunctionScriptingTraits (0ms)
			SetupTypeCache (464ms)
			ReleaseScriptCaches (1ms)
			RebuildScriptCaches (71ms)
			SetupLoadedEditorAssemblies (471ms)
				LogAssemblyErrors (0ms)
				InitializePlatformSupportModulesInManaged (6ms)
				SetLoadedEditorAssemblies (1ms)
				RefreshPlugins (0ms)
				BeforeProcessingInitializeOnLoad (128ms)
				ProcessInitializeOnLoadAttributes (317ms)
				ProcessInitializeOnLoadMethodAttributes (17ms)
				AfterProcessingInitializeOnLoad (1ms)
				EditorAssembliesLoaded (0ms)
			ExecutionOrderSort2 (0ms)
			AwakeInstancesAfterBackupRestoration (11ms)
Platform modules already initialized, skipping
Refreshing native plugins compatible for Editor in 0.51 ms, found 2 plugins.
Preloading 0 native plugins for Editor in 0.00 ms.
Unloading 1510 Unused Serialized files (Serialized files now loaded: 0)
System memory in use before: 210.2 MB.
System memory in use after: 210.3 MB.

Unloading 11 unused Assets to reduce memory usage. Loaded Objects now: 2077.
Total: 6.760762 ms (FindLiveObjects: 0.310842 ms CreateObjectMapping: 0.158455 ms MarkObjects: 6.255722 ms  DeleteObjects: 0.033885 ms)

AssetImportParameters requested are different than current active one (requested -> active):
  custom:video-decoder-ogg-theora: a1e56fd34408186e4bbccfd4996cb3dc -> 
  custom:container-muxer-webm: aa71ff27fc2769a1b78a27578f13a17b -> 
  custom:container-demuxer-webm: 4f35f7cbe854078d1ac9338744f61a02 -> 
  custom:container-demuxer-ogg: 62fdf1f143b41e24485cea50d1cbac27 -> 
  custom:video-encoder-webm-vp8: eb34c28f22e8b96e1ab97ce403110664 -> 
  custom:framework-osx-AVFoundation: b23960f63f64bdc6ff669e2cdcee2391 -> 
  custom:video-decoder-webm-vp8: 9c59270c3fd7afecdb556c50c9e8de78 -> 
  custom:audio-decoder-ogg-vorbis: bf7c407c2cedff20999df2af8eb42d56 -> 
  custom:audio-encoder-webm-vorbis: bf7c407c2cedff20999df2af8eb42d56 -> 
========================================================================
Received Import Request.
  Time since last request: 14.085207 seconds.
  path: Assets/Scenes/Menu.unity
  artifactKey: Guid(49f7e7a69386d4941aa11fc692786ce7) Importer(815301076,1909f56bfc062723c751e8b465ee728b)
Start importing Assets/Scenes/Menu.unity using Guid(49f7e7a69386d4941aa11fc692786ce7) Importer(815301076,1909f56bfc062723c751e8b465ee728b)  -> (artifact id: '4ae29098fa7045804cd5d6eb5e67562d') in 0.024835 seconds 
  Import took 0.029792 seconds .

========================================================================
Received Import Request.
  Time since last request: 8.131469 seconds.
  path: Assets/Scenes/end_menu.unity
  artifactKey: Guid(9d6cf1d8b94d84e4cb4259b64de30b52) Importer(815301076,1909f56bfc062723c751e8b465ee728b)
Start importing Assets/Scenes/end_menu.unity using Guid(9d6cf1d8b94d84e4cb4259b64de30b52) Importer(815301076,1909f56bfc062723c751e8b465ee728b)  -> (artifact id: '25f5daaff662dcc34532c072ef031785') in 0.007069 seconds 
  Import took 0.014126 seconds .

========================================================================
Received Import Request.
  Time since last request: 351.322957 seconds.
  path: Assets/Scenes/Level_4.unity
  artifactKey: Guid(73d846aec40f441ada9084a8e6f30b6d) Importer(815301076,1909f56bfc062723c751e8b465ee728b)
Start importing Assets/Scenes/Level_4.unity using Guid(73d846aec40f441ada9084a8e6f30b6d) Importer(815301076,1909f56bfc062723c751e8b465ee728b)  -> (artifact id: 'e26490f3f38c90bef7850a643bad9d89') in 0.004465 seconds 
  Import took 0.011034 seconds .

========================================================================
Received Import Request.
  Time since last request: 36.146807 seconds.
  path: Assets/Prefabs/backgrounds/background_1/skybox_1.mat
  artifactKey: Guid(9f59c9fd266e74a88ae49b3b702811b0) Importer(815301076,1909f56bfc062723c751e8b465ee728b)
Start importing Assets/Prefabs/backgrounds/background_1/skybox_1.mat using Guid(9f59c9fd266e74a88ae49b3b702811b0) Importer(815301076,1909f56bfc062723c751e8b465ee728b)  -> (artifact id: '88e8dd535df3f0a93ea7f5798c06fc76') in 0.107937 seconds 
  Import took 0.112434 seconds .

========================================================================
Received Prepare
Registering precompiled user dll's ...
Registered in 0.008910 seconds.
Begin MonoManager ReloadAssembly
Native extension for OSXStandalone target not found
Refreshing native plugins compatible for Editor in 0.71 ms, found 2 plugins.
Preloading 0 native plugins for Editor in 0.00 ms.
Mono: successfully reloaded assembly
- Completed reload, in  2.029 seconds
Domain Reload Profiling:
	ReloadAssembly (2030ms)
		BeginReloadAssembly (273ms)
			ExecutionOrderSort (0ms)
			DisableScriptedObjects (7ms)
			BackupInstance (0ms)
			ReleaseScriptingObjects (0ms)
			CreateAndSetChildDomain (102ms)
		EndReloadAssembly (1647ms)
			LoadAssemblies (242ms)
			RebuildTransferFunctionScriptingTraits (0ms)
			SetupTypeCache (482ms)
			ReleaseScriptCaches (1ms)
			RebuildScriptCaches (95ms)
			SetupLoadedEditorAssemblies (629ms)
				LogAssemblyErrors (0ms)
				InitializePlatformSupportModulesInManaged (11ms)
				SetLoadedEditorAssemblies (1ms)
				RefreshPlugins (1ms)
				BeforeProcessingInitializeOnLoad (197ms)
				ProcessInitializeOnLoadAttributes (399ms)
				ProcessInitializeOnLoadMethodAttributes (19ms)
				AfterProcessingInitializeOnLoad (1ms)
				EditorAssembliesLoaded (0ms)
			ExecutionOrderSort2 (0ms)
			AwakeInstancesAfterBackupRestoration (11ms)
Platform modules already initialized, skipping
Refreshing native plugins compatible for Editor in 0.50 ms, found 2 plugins.
Preloading 0 native plugins for Editor in 0.00 ms.
Unloading 1510 Unused Serialized files (Serialized files now loaded: 0)
System memory in use before: 210.4 MB.
System memory in use after: 210.5 MB.

Unloading 11 unused Assets to reduce memory usage. Loaded Objects now: 2080.
Total: 4.915780 ms (FindLiveObjects: 0.188867 ms CreateObjectMapping: 0.075510 ms MarkObjects: 4.611556 ms  DeleteObjects: 0.038312 ms)

AssetImportParameters requested are different than current active one (requested -> active):
  custom:video-decoder-ogg-theora: a1e56fd34408186e4bbccfd4996cb3dc -> 
  custom:container-muxer-webm: aa71ff27fc2769a1b78a27578f13a17b -> 
  custom:container-demuxer-webm: 4f35f7cbe854078d1ac9338744f61a02 -> 
  custom:container-demuxer-ogg: 62fdf1f143b41e24485cea50d1cbac27 -> 
  custom:video-encoder-webm-vp8: eb34c28f22e8b96e1ab97ce403110664 -> 
  custom:framework-osx-AVFoundation: b23960f63f64bdc6ff669e2cdcee2391 -> 
  custom:video-decoder-webm-vp8: 9c59270c3fd7afecdb556c50c9e8de78 -> 
  custom:audio-decoder-ogg-vorbis: bf7c407c2cedff20999df2af8eb42d56 -> 
  custom:audio-encoder-webm-vorbis: bf7c407c2cedff20999df2af8eb42d56 -> 
========================================================================
Received Import Request.
  Time since last request: 105.699247 seconds.
  path: Assets/Materials/New Material.mat
  artifactKey: Guid(43badfa0bb6754c4bb665bebc7890e20) Importer(815301076,1909f56bfc062723c751e8b465ee728b)
Start importing Assets/Materials/New Material.mat using Guid(43badfa0bb6754c4bb665bebc7890e20) Importer(815301076,1909f56bfc062723c751e8b465ee728b)  -> (artifact id: '9e879af24c070cea3f76ae6206854000') in 0.176557 seconds 
  Import took 0.180242 seconds .

========================================================================
Received Import Request.
  Time since last request: 19.864823 seconds.
  path: Assets/Materials/start_menu.mat
  artifactKey: Guid(43badfa0bb6754c4bb665bebc7890e20) Importer(815301076,1909f56bfc062723c751e8b465ee728b)
Start importing Assets/Materials/start_menu.mat using Guid(43badfa0bb6754c4bb665bebc7890e20) Importer(815301076,1909f56bfc062723c751e8b465ee728b)  -> (artifact id: 'a164090a7d279482b5084ff06268f691') in 0.023797 seconds 
  Import took 0.030904 seconds .

========================================================================
Received Import Request.
  Time since last request: 18.634408 seconds.
  path: Assets/Materials/start_menu.mat
  artifactKey: Guid(43badfa0bb6754c4bb665bebc7890e20) Importer(815301076,1909f56bfc062723c751e8b465ee728b)
Start importing Assets/Materials/start_menu.mat using Guid(43badfa0bb6754c4bb665bebc7890e20) Importer(815301076,1909f56bfc062723c751e8b465ee728b)  -> (artifact id: '7e18338535e41cb0387066f340283839') in 0.024993 seconds 
  Import took 0.029392 seconds .

========================================================================
Received Import Request.
  Time since last request: 44.605362 seconds.
  path: Assets/Scenes/end_menu.unity
  artifactKey: Guid(9d6cf1d8b94d84e4cb4259b64de30b52) Importer(815301076,1909f56bfc062723c751e8b465ee728b)
Start importing Assets/Scenes/end_menu.unity using Guid(9d6cf1d8b94d84e4cb4259b64de30b52) Importer(815301076,1909f56bfc062723c751e8b465ee728b)  -> (artifact id: '9b500c57b70ebc35a3958f64b459d256') in 0.003588 seconds 
  Import took 0.010619 seconds .

========================================================================
Received Import Request.
  Time since last request: 36.105102 seconds.
  path: Assets/Scenes/end_menu.unity
  artifactKey: Guid(9d6cf1d8b94d84e4cb4259b64de30b52) Importer(815301076,1909f56bfc062723c751e8b465ee728b)
Start importing Assets/Scenes/end_menu.unity using Guid(9d6cf1d8b94d84e4cb4259b64de30b52) Importer(815301076,1909f56bfc062723c751e8b465ee728b)  -> (artifact id: 'ac17612872384a6fd44f75bcbef10b07') in 0.003322 seconds 
  Import took 0.011011 seconds .

========================================================================
Received Import Request.
  Time since last request: 20.214180 seconds.
  path: Assets/Scenes/end_menu.unity
  artifactKey: Guid(9d6cf1d8b94d84e4cb4259b64de30b52) Importer(815301076,1909f56bfc062723c751e8b465ee728b)
Start importing Assets/Scenes/end_menu.unity using Guid(9d6cf1d8b94d84e4cb4259b64de30b52) Importer(815301076,1909f56bfc062723c751e8b465ee728b)  -> (artifact id: '391493a18e32fe7843d5c45b216d57c6') in 0.004336 seconds 
  Import took 0.010072 seconds .

